Collecting gitpython>=3.1.30 (from -r requirements.txt (line 5))
  Using cached GitPython-3.1.42-py3-none-any.whl.metadata (12 kB)
Requirement already satisfied: matplotlib>=3.3 in m:\lesson_od\.venv\lib\site-packages (from -r requirements.txt (line 6)) (3.8.3)
Requirement already satisfied: numpy>=1.23.5 in m:\lesson_od\.venv\lib\site-packages (from -r requirements.txt (line 7)) (1.26.4)
Collecting opencv-python>=4.1.1 (from -r requirements.txt (line 8))
  Using cached opencv_python-4.9.0.80-cp37-abi3-win_amd64.whl.metadata (20 kB)
Requirement already satisfied: Pillow>=9.4.0 in m:\lesson_od\.venv\lib\site-packages (from -r requirements.txt (line 9)) (10.2.0)
Collecting psutil (from -r requirements.txt (line 10))
  Using cached psutil-5.9.8-cp37-abi3-win_amd64.whl.metadata (22 kB)
Requirement already satisfied: PyYAML>=5.3.1 in m:\lesson_od\.venv\lib\site-packages (from -r requirements.txt (line 11)) (6.0.1)
Collecting requests>=2.23.0 (from -r requirements.txt (line 12))
  Using cached requests-2.31.0-py3-none-any.whl.metadata (4.6 kB)
Collecting scipy>=1.4.1 (from -r requirements.txt (line 13))
  Using cached scipy-1.12.0-cp310-cp310-win_amd64.whl.metadata (60 kB)
Collecting thop>=0.1.1 (from -r requirements.txt (line 14))
  Using cached thop-0.1.1.post2209072238-py3-none-any.whl.metadata (2.7 kB)
Collecting torch>=1.8.0 (from -r requirements.txt (line 15))
  Using cached torch-2.2.1-cp310-cp310-win_amd64.whl.metadata (26 kB)
Collecting torchvision>=0.9.0 (from -r requirements.txt (line 16))
  Using cached torchvision-0.17.1-cp310-cp310-win_amd64.whl.metadata (6.6 kB)
Collecting tqdm>=4.64.0 (from -r requirements.txt (line 17))
  Using cached tqdm-4.66.2-py3-none-any.whl.metadata (57 kB)
Collecting ultralytics>=8.0.232 (from -r requirements.txt (line 18))
  Using cached ultralytics-8.1.30-py3-none-any.whl.metadata (40 kB)
Collecting pandas>=1.1.4 (from -r requirements.txt (line 27))
  Using cached pandas-2.2.1-cp310-cp310-win_amd64.whl.metadata (19 kB)
Collecting seaborn>=0.11.0 (from -r requirements.txt (line 28))
  Using cached seaborn-0.13.2-py3-none-any.whl.metadata (5.4 kB)
Collecting setuptools>=65.5.1 (from -r requirements.txt (line 42))
  Using cached setuptools-69.2.0-py3-none-any.whl.metadata (6.3 kB)
Collecting wheel>=0.38.0 (from -r requirements.txt (line 50))
  Using cached wheel-0.43.0-py3-none-any.whl.metadata (2.2 kB)
Collecting gitdb<5,>=4.0.1 (from gitpython>=3.1.30->-r requirements.txt (line 5))
  Using cached gitdb-4.0.11-py3-none-any.whl.metadata (1.2 kB)
Requirement already satisfied: contourpy>=1.0.1 in m:\lesson_od\.venv\lib\site-packages (from matplotlib>=3.3->-r requirements.txt (line 6)) (1.2.0)
Requirement already satisfied: cycler>=0.10 in m:\lesson_od\.venv\lib\site-packages (from matplotlib>=3.3->-r requirements.txt (line 6)) (0.12.1)
Requirement already satisfied: fonttools>=4.22.0 in m:\lesson_od\.venv\lib\site-packages (from matplotlib>=3.3->-r requirements.txt (line 6)) (4.50.0)
Requirement already satisfied: kiwisolver>=1.3.1 in m:\lesson_od\.venv\lib\site-packages (from matplotlib>=3.3->-r requirements.txt (line 6)) (1.4.5)
Requirement already satisfied: packaging>=20.0 in m:\lesson_od\.venv\lib\site-packages (from matplotlib>=3.3->-r requirements.txt (line 6)) (24.0)
Requirement already satisfied: pyparsing>=2.3.1 in m:\lesson_od\.venv\lib\site-packages (from matplotlib>=3.3->-r requirements.txt (line 6)) (3.1.2)
Requirement already satisfied: python-dateutil>=2.7 in m:\lesson_od\.venv\lib\site-packages (from matplotlib>=3.3->-r requirements.txt (line 6)) (2.9.0.post0)
Collecting charset-normalizer<4,>=2 (from requests>=2.23.0->-r requirements.txt (line 12))
  Using cached charset_normalizer-3.3.2-cp310-cp310-win_amd64.whl.metadata (34 kB)
Requirement already satisfied: idna<4,>=2.5 in m:\lesson_od\.venv\lib\site-packages (from requests>=2.23.0->-r requirements.txt (line 12)) (3.6)
Collecting urllib3<3,>=1.21.1 (from requests>=2.23.0->-r requirements.txt (line 12))
  Using cached urllib3-2.2.1-py3-none-any.whl.metadata (6.4 kB)
Requirement already satisfied: certifi>=2017.4.17 in m:\lesson_od\.venv\lib\site-packages (from requests>=2.23.0->-r requirements.txt (line 12)) (2024.2.2)
Collecting filelock (from torch>=1.8.0->-r requirements.txt (line 15))
  Using cached filelock-3.13.1-py3-none-any.whl.metadata (2.8 kB)
Requirement already satisfied: typing-extensions>=4.8.0 in m:\lesson_od\.venv\lib\site-packages (from torch>=1.8.0->-r requirements.txt (line 15)) (4.10.0)
Collecting sympy (from torch>=1.8.0->-r requirements.txt (line 15))
  Using cached sympy-1.12-py3-none-any.whl.metadata (12 kB)
Collecting networkx (from torch>=1.8.0->-r requirements.txt (line 15))
  Using cached networkx-3.2.1-py3-none-any.whl.metadata (5.2 kB)
Collecting jinja2 (from torch>=1.8.0->-r requirements.txt (line 15))
  Using cached Jinja2-3.1.3-py3-none-any.whl.metadata (3.3 kB)
Collecting fsspec (from torch>=1.8.0->-r requirements.txt (line 15))
  Using cached fsspec-2024.3.1-py3-none-any.whl.metadata (6.8 kB)
Requirement already satisfied: colorama in m:\lesson_od\.venv\lib\site-packages (from tqdm>=4.64.0->-r requirements.txt (line 17)) (0.4.6)
Collecting py-cpuinfo (from ultralytics>=8.0.232->-r requirements.txt (line 18))
  Using cached py_cpuinfo-9.0.0-py3-none-any.whl.metadata (794 bytes)
Collecting pytz>=2020.1 (from pandas>=1.1.4->-r requirements.txt (line 27))
  Using cached pytz-2024.1-py2.py3-none-any.whl.metadata (22 kB)
Collecting tzdata>=2022.7 (from pandas>=1.1.4->-r requirements.txt (line 27))
  Using cached tzdata-2024.1-py2.py3-none-any.whl.metadata (1.4 kB)
Collecting smmap<6,>=3.0.1 (from gitdb<5,>=4.0.1->gitpython>=3.1.30->-r requirements.txt (line 5))
  Using cached smmap-5.0.1-py3-none-any.whl.metadata (4.3 kB)
Requirement already satisfied: six>=1.5 in m:\lesson_od\.venv\lib\site-packages (from python-dateutil>=2.7->matplotlib>=3.3->-r requirements.txt (line 6)) (1.16.0)
Collecting MarkupSafe>=2.0 (from jinja2->torch>=1.8.0->-r requirements.txt (line 15))
  Using cached MarkupSafe-2.1.5-cp310-cp310-win_amd64.whl.metadata (3.1 kB)
Collecting mpmath>=0.19 (from sympy->torch>=1.8.0->-r requirements.txt (line 15))
  Using cached mpmath-1.3.0-py3-none-any.whl.metadata (8.6 kB)
Using cached GitPython-3.1.42-py3-none-any.whl (195 kB)
Using cached opencv_python-4.9.0.80-cp37-abi3-win_amd64.whl (38.6 MB)
Using cached psutil-5.9.8-cp37-abi3-win_amd64.whl (255 kB)
Using cached requests-2.31.0-py3-none-any.whl (62 kB)
Using cached scipy-1.12.0-cp310-cp310-win_amd64.whl (46.2 MB)
Using cached thop-0.1.1.post2209072238-py3-none-any.whl (15 kB)
Using cached torch-2.2.1-cp310-cp310-win_amd64.whl (198.6 MB)
Using cached torchvision-0.17.1-cp310-cp310-win_amd64.whl (1.2 MB)
Using cached tqdm-4.66.2-py3-none-any.whl (78 kB)
Using cached ultralytics-8.1.30-py3-none-any.whl (722 kB)
Using cached pandas-2.2.1-cp310-cp310-win_amd64.whl (11.6 MB)
Using cached seaborn-0.13.2-py3-none-any.whl (294 kB)
Using cached setuptools-69.2.0-py3-none-any.whl (821 kB)
Using cached wheel-0.43.0-py3-none-any.whl (65 kB)
Using cached charset_normalizer-3.3.2-cp310-cp310-win_amd64.whl (100 kB)
Using cached gitdb-4.0.11-py3-none-any.whl (62 kB)
Using cached pytz-2024.1-py2.py3-none-any.whl (505 kB)
Using cached tzdata-2024.1-py2.py3-none-any.whl (345 kB)
Using cached urllib3-2.2.1-py3-none-any.whl (121 kB)
Using cached filelock-3.13.1-py3-none-any.whl (11 kB)
Using cached fsspec-2024.3.1-py3-none-any.whl (171 kB)
Using cached Jinja2-3.1.3-py3-none-any.whl (133 kB)
Using cached networkx-3.2.1-py3-none-any.whl (1.6 MB)
Using cached py_cpuinfo-9.0.0-py3-none-any.whl (22 kB)
Using cached sympy-1.12-py3-none-any.whl (5.7 MB)
Using cached MarkupSafe-2.1.5-cp310-cp310-win_amd64.whl (17 kB)
Using cached mpmath-1.3.0-py3-none-any.whl (536 kB)
Using cached smmap-5.0.1-py3-none-any.whl (24 kB)
Installing collected packages: pytz, py-cpuinfo, mpmath, wheel, urllib3, tzdata, tqdm, sympy, smmap, setuptools, scipy, psutil, opencv-python, networkx, MarkupSafe, fsspec, filelock, charset-normalizer, requests, pandas, jinja2, gitdb, torch, seaborn, gitpython, torchvision, thop, ultralytics
  Attempting uninstall: setuptools
    Found existing installation: setuptools 65.5.0
    Uninstalling setuptools-65.5.0:
      Successfully uninstalled setuptools-65.5.0
Successfully installed MarkupSafe-2.1.5 charset-normalizer-3.3.2 filelock-3.13.1 fsspec-2024.3.1 gitdb-4.0.11 gitpython-3.1.42 jinja2-3.1.3 mpmath-1.3.0 networkx-3.2.1 opencv-python-4.9.0.80 pandas-2.2.1 psutil-5.9.8 py-cpuinfo-9.0.0 pytz-2024.1 requests-2.31.0 scipy-1.12.0 seaborn-0.13.2 setuptools-69.2.0 smmap-5.0.1 sympy-1.12 thop-0.1.1.post2209072238 torch-2.2.1 torchvision-0.17.1 tqdm-4.66.2 tzdata-2024.1 ultralytics-8.1.30 urllib3-2.2.1 wheel-0.43.0
